<?xml version="1.0" encoding="UTF-8"?>
<!-- Generated by org.testng.reporters.JUnitReportReporter -->
<testsuite hostname="DESKTOP-8UOV5P4" failures="0" tests="1" name="serviceenggPage.ProfilePage" time="3.862" errors="0" timestamp="2024-12-30T13:10:59 IST" skipped="0">
  <testcase classname="serviceenggPage.ProfilePage" name="profile" time="3.862"/>
  <system-out/>
</testsuite> <!-- serviceenggPage.ProfilePage -->
