<?xml version="1.0" encoding="UTF-8"?>
<!-- Generated by org.testng.reporters.JUnitReportReporter -->
<testsuite hostname="DESKTOP-8UOV5P4" failures="0" tests="3" name="serviceenggPage.LivedataPage" time="7.772" errors="0" timestamp="2024-12-27T17:50:08 IST" skipped="1">
  <testcase classname="serviceenggPage.LivedataPage" name="search" time="0.236"/>
  <system-out/>
  <testcase classname="serviceenggPage.LivedataPage" name="livedata" time="7.536"/>
  <system-out/>
  <testcase classname="serviceenggPage.LivedataPage" name="filter">
    <skipped/>
  </testcase> <!-- filter -->
  <system-out/>
</testsuite> <!-- serviceenggPage.LivedataPage -->
