<?xml version="1.0" encoding="UTF-8"?>
<!-- Generated by org.testng.reporters.JUnitReportReporter -->
<testsuite hostname="DESKTOP-8UOV5P4" failures="0" tests="1" name="loginPage.PhpTest" time="5.696" errors="0" timestamp="2024-12-25T11:11:14 IST" skipped="0">
  <testcase classname="loginPage.PhpTest" name="php" time="5.696"/>
  <system-out/>
</testsuite> <!-- loginPage.PhpTest -->
