<?xml version="1.0" encoding="UTF-8"?>
<!-- Generated by org.testng.reporters.JUnitReportReporter -->
<testsuite hostname="DESKTOP-8UOV5P4" failures="0" tests="2" name="serviceenggPage.ReportPage" time="11.028" errors="0" timestamp="2024-12-30T13:47:42 IST" skipped="0">
  <testcase classname="serviceenggPage.ReportPage" name="water_report" time="9.406"/>
  <system-out/>
  <testcase classname="serviceenggPage.ReportPage" name="reports" time="1.622"/>
  <system-out/>
</testsuite> <!-- serviceenggPage.ReportPage -->
