<?xml version="1.0" encoding="UTF-8"?>
<!-- Generated by org.testng.reporters.JUnitReportReporter -->
<testsuite hostname="DESKTOP-8UOV5P4" failures="0" tests="1" name="serviceenggPage.Logout" time="1.656" errors="0" timestamp="2024-12-30T15:31:35 IST" skipped="0">
  <testcase classname="serviceenggPage.Logout" name="logout" time="1.656"/>
  <system-out/>
</testsuite> <!-- serviceenggPage.Logout -->
