<?xml version="1.0" encoding="UTF-8"?>
<!-- Generated by org.testng.reporters.JUnitReportReporter -->
<testsuite hostname="DESKTOP-8UOV5P4" failures="0" tests="1" name="serviceenggPage.NotificationIcon" time="1.345" errors="0" timestamp="2024-12-30T12:55:49 IST" skipped="0">
  <testcase classname="serviceenggPage.NotificationIcon" name="bellicon" time="1.345"/>
  <system-out/>
</testsuite> <!-- serviceenggPage.NotificationIcon -->
