<?xml version="1.0" encoding="UTF-8"?>
<!-- Generated by org.testng.reporters.JUnitReportReporter -->
<testsuite hostname="DESKTOP-8UOV5P4" failures="0" tests="2" name="serviceenggPage.AlarmPage" time="1.539" errors="0" timestamp="2024-12-30T12:15:23 IST" skipped="0">
  <testcase classname="serviceenggPage.AlarmPage" name="search" time="0.157"/>
  <system-out/>
  <testcase classname="serviceenggPage.AlarmPage" name="alarmpage" time="1.382"/>
  <system-out/>
</testsuite> <!-- serviceenggPage.AlarmPage -->
