<?xml version="1.0" encoding="UTF-8"?>
<!-- Generated by org.testng.reporters.JUnitReportReporter -->
<testsuite hostname="DESKTOP-8UOV5P4" failures="0" tests="5" name="serviceenggPage.DashboardPage" time="2.460" errors="0" timestamp="2024-12-27T15:49:51 IST" skipped="4">
  <testcase classname="serviceenggPage.DashboardPage" name="filter" time="2.460"/>
  <system-out/>
  <testcase classname="serviceenggPage.DashboardPage" name="search">
    <skipped/>
  </testcase> <!-- search -->
  <system-out/>
  <testcase classname="serviceenggPage.DashboardPage" name="viewallcontroller">
    <skipped/>
  </testcase> <!-- viewallcontroller -->
  <system-out/>
  <testcase classname="serviceenggPage.DashboardPage" name="exceldownload">
    <skipped/>
  </testcase> <!-- exceldownload -->
  <system-out/>
  <testcase classname="serviceenggPage.DashboardPage" name="pdfdownload">
    <skipped/>
  </testcase> <!-- pdfdownload -->
  <system-out/>
</testsuite> <!-- serviceenggPage.DashboardPage -->
